{"/Users/alexbest/projects/HiraganaCards/App.tsx": {"path":"/Users/alexbest/projects/HiraganaCards/App.tsx","statementMap":{"0":{"start":{"line":6,"column":12},"end":{"line":12,"column":1}},"1":{"start":{"line":7,"column":2},"end":{"line":11,"column":4}}},"fnMap":{"0":{"name":"(anonymous_0)","decl":{"start":{"line":6,"column":12},"end":{"line":6,"column":13}},"loc":{"start":{"line":6,"column":18},"end":{"line":12,"column":1}},"line":6}},"branchMap":{},"s":{"0":1,"1":1},"f":{"0":1},"b":{},"_coverageSchema":"1a1c01bbd47fc00a2c39e90264f33305004495a9","hash":"68f6fbb0709c0ce1e4410439d376f6cf1ad70bd1"}
,"/Users/alexbest/projects/HiraganaCards/src/Card.tsx": {"path":"/Users/alexbest/projects/HiraganaCards/src/Card.tsx","statementMap":{"0":{"start":{"line":13,"column":31},"end":{"line":13,"column":55}},"1":{"start":{"line":14,"column":17},"end":{"line":14,"column":26}},"2":{"start":{"line":15,"column":17},"end":{"line":15,"column":46}},"3":{"start":{"line":22,"column":13},"end":{"line":35,"column":1}},"4":{"start":{"line":23,"column":19},"end":{"line":23,"column":28}},"5":{"start":{"line":24,"column":24},"end":{"line":24,"column":37}},"6":{"start":{"line":25,"column":2},"end":{"line":34,"column":4}},"7":{"start":{"line":26,"column":37},"end":{"line":26,"column":66}},"8":{"start":{"line":37,"column":15},"end":{"line":57,"column":2}}},"fnMap":{"0":{"name":"(anonymous_0)","decl":{"start":{"line":22,"column":13},"end":{"line":22,"column":14}},"loc":{"start":{"line":22,"column":57},"end":{"line":35,"column":1}},"line":22},"1":{"name":"(anonymous_1)","decl":{"start":{"line":26,"column":31},"end":{"line":26,"column":32}},"loc":{"start":{"line":26,"column":37},"end":{"line":26,"column":66}},"line":26}},"branchMap":{"0":{"loc":{"start":{"line":29,"column":11},"end":{"line":29,"column":36}},"type":"cond-expr","locations":[{"start":{"line":29,"column":27},"end":{"line":29,"column":31}},{"start":{"line":29,"column":34},"end":{"line":29,"column":36}}],"line":29},"1":{"loc":{"start":{"line":31,"column":39},"end":{"line":31,"column":64}},"type":"cond-expr","locations":[{"start":{"line":31,"column":55},"end":{"line":31,"column":59}},{"start":{"line":31,"column":62},"end":{"line":31,"column":64}}],"line":31}},"s":{"0":4,"1":4,"2":4,"3":4,"4":53,"5":53,"6":53,"7":0,"8":4},"f":{"0":53,"1":0},"b":{"0":[4,49],"1":[4,49]},"_coverageSchema":"1a1c01bbd47fc00a2c39e90264f33305004495a9","hash":"a46f9eee9b07a48d9295fd8d43cd92ce231b19c3"}
,"/Users/alexbest/projects/HiraganaCards/src/CharacterTable.tsx": {"path":"/Users/alexbest/projects/HiraganaCards/src/CharacterTable.tsx","statementMap":{"0":{"start":{"line":10,"column":23},"end":{"line":24,"column":1}},"1":{"start":{"line":11,"column":15},"end":{"line":17,"column":16}},"2":{"start":{"line":12,"column":4},"end":{"line":16,"column":6}},"3":{"start":{"line":19,"column":2},"end":{"line":23,"column":4}},"4":{"start":{"line":26,"column":15},"end":{"line":34,"column":2}}},"fnMap":{"0":{"name":"(anonymous_0)","decl":{"start":{"line":10,"column":23},"end":{"line":10,"column":24}},"loc":{"start":{"line":10,"column":66},"end":{"line":24,"column":1}},"line":10},"1":{"name":"(anonymous_1)","decl":{"start":{"line":11,"column":21},"end":{"line":11,"column":22}},"loc":{"start":{"line":12,"column":4},"end":{"line":16,"column":6}},"line":12}},"branchMap":{},"s":{"0":3,"1":1,"2":51,"3":1,"4":3},"f":{"0":1,"1":51},"b":{},"_coverageSchema":"1a1c01bbd47fc00a2c39e90264f33305004495a9","hash":"740f22860472368aecb96d5f98b1dd46ebf548cb"}
,"/Users/alexbest/projects/HiraganaCards/src/Characters.ts": {"path":"/Users/alexbest/projects/HiraganaCards/src/Characters.ts","statementMap":{"0":{"start":{"line":3,"column":17},"end":{"line":3,"column":26}},"1":{"start":{"line":9,"column":41},"end":{"line":61,"column":1}}},"fnMap":{},"branchMap":{},"s":{"0":3,"1":3},"f":{},"b":{},"_coverageSchema":"1a1c01bbd47fc00a2c39e90264f33305004495a9","hash":"0675345994c5aef7932b9900dd9c5f8921f30a69"}
,"/Users/alexbest/projects/HiraganaCards/src/Constants.ts": {"path":"/Users/alexbest/projects/HiraganaCards/src/Constants.ts","statementMap":{"0":{"start":{"line":1,"column":25},"end":{"line":3,"column":1}}},"fnMap":{},"branchMap":{},"s":{"0":4},"f":{},"b":{},"_coverageSchema":"1a1c01bbd47fc00a2c39e90264f33305004495a9","hash":"5c5f34c29b82d4a976f395182217ab692262301e"}
,"/Users/alexbest/projects/HiraganaCards/src/Home.tsx": {"path":"/Users/alexbest/projects/HiraganaCards/src/Home.tsx","statementMap":{"0":{"start":{"line":9,"column":13},"end":{"line":31,"column":1}},"1":{"start":{"line":10,"column":40},"end":{"line":10,"column":55}},"2":{"start":{"line":11,"column":26},"end":{"line":11,"column":49}},"3":{"start":{"line":13,"column":29},"end":{"line":16,"column":3}},"4":{"start":{"line":14,"column":4},"end":{"line":14,"column":19}},"5":{"start":{"line":15,"column":4},"end":{"line":15,"column":26}},"6":{"start":{"line":18,"column":2},"end":{"line":30,"column":4}},"7":{"start":{"line":33,"column":15},"end":{"line":43,"column":2}}},"fnMap":{"0":{"name":"(anonymous_0)","decl":{"start":{"line":9,"column":13},"end":{"line":9,"column":14}},"loc":{"start":{"line":9,"column":19},"end":{"line":31,"column":1}},"line":9},"1":{"name":"(anonymous_1)","decl":{"start":{"line":13,"column":29},"end":{"line":13,"column":30}},"loc":{"start":{"line":13,"column":53},"end":{"line":16,"column":3}},"line":13}},"branchMap":{"0":{"loc":{"start":{"line":19,"column":25},"end":{"line":19,"column":66}},"type":"binary-expr","locations":[{"start":{"line":19,"column":25},"end":{"line":19,"column":37}},{"start":{"line":19,"column":41},"end":{"line":19,"column":66}}],"line":19},"1":{"loc":{"start":{"line":20,"column":7},"end":{"line":28,"column":7}},"type":"cond-expr","locations":[{"start":{"line":21,"column":8},"end":{"line":25,"column":15}},{"start":{"line":27,"column":8},"end":{"line":27,"column":65}}],"line":20}},"s":{"0":2,"1":2,"2":2,"3":2,"4":0,"5":0,"6":2,"7":2},"f":{"0":2,"1":0},"b":{"0":[2,2],"1":[0,2]},"_coverageSchema":"1a1c01bbd47fc00a2c39e90264f33305004495a9","hash":"6c5749ebdd839c7266e9e4346129c1cba8a99c8d"}
,"/Users/alexbest/projects/HiraganaCards/src/LargeCard.tsx": {"path":"/Users/alexbest/projects/HiraganaCards/src/LargeCard.tsx","statementMap":{"0":{"start":{"line":19,"column":51},"end":{"line":19,"column":75}},"1":{"start":{"line":21,"column":18},"end":{"line":48,"column":1}},"2":{"start":{"line":22,"column":2},"end":{"line":47,"column":17}},"3":{"start":{"line":39,"column":41},"end":{"line":39,"column":61}},"4":{"start":{"line":42,"column":41},"end":{"line":42,"column":61}},"5":{"start":{"line":50,"column":15},"end":{"line":78,"column":2}}},"fnMap":{"0":{"name":"(anonymous_0)","decl":{"start":{"line":21,"column":18},"end":{"line":21,"column":19}},"loc":{"start":{"line":22,"column":2},"end":{"line":47,"column":17}},"line":22},"1":{"name":"(anonymous_1)","decl":{"start":{"line":39,"column":35},"end":{"line":39,"column":36}},"loc":{"start":{"line":39,"column":41},"end":{"line":39,"column":61}},"line":39},"2":{"name":"(anonymous_2)","decl":{"start":{"line":42,"column":35},"end":{"line":42,"column":36}},"loc":{"start":{"line":42,"column":41},"end":{"line":42,"column":61}},"line":42}},"branchMap":{},"s":{"0":3,"1":3,"2":3,"3":0,"4":0,"5":3},"f":{"0":3,"1":0,"2":0},"b":{},"_coverageSchema":"1a1c01bbd47fc00a2c39e90264f33305004495a9","hash":"05a392f03e84f6336b34a0aa292816bb41a710a8"}
,"/Users/alexbest/projects/HiraganaCards/src/Title.tsx": {"path":"/Users/alexbest/projects/HiraganaCards/src/Title.tsx","statementMap":{"0":{"start":{"line":8,"column":14},"end":{"line":14,"column":1}},"1":{"start":{"line":9,"column":2},"end":{"line":13,"column":4}},"2":{"start":{"line":16,"column":15},"end":{"line":26,"column":2}}},"fnMap":{"0":{"name":"(anonymous_0)","decl":{"start":{"line":8,"column":14},"end":{"line":8,"column":15}},"loc":{"start":{"line":8,"column":35},"end":{"line":14,"column":1}},"line":8}},"branchMap":{},"s":{"0":3,"1":1,"2":3},"f":{"0":1},"b":{},"_coverageSchema":"1a1c01bbd47fc00a2c39e90264f33305004495a9","hash":"a212687e6e4f15fc887c2aaff49f13b9f1107318"}
}
