TN:
SF:App.tsx
FN:6,(anonymous_0)
FNF:1
FNH:1
FNDA:1,(anonymous_0)
DA:6,1
DA:7,1
LF:2
LH:2
BRF:0
BRH:0
end_of_record
TN:
SF:src/Card.tsx
FN:22,(anonymous_0)
FN:26,(anonymous_1)
FNF:2
FNH:1
FNDA:53,(anonymous_0)
FNDA:0,(anonymous_1)
DA:13,4
DA:14,4
DA:15,4
DA:22,4
DA:23,53
DA:24,53
DA:25,53
DA:26,0
DA:37,4
LF:9
LH:8
BRDA:29,0,0,4
BRDA:29,0,1,49
BRDA:31,1,0,4
BRDA:31,1,1,49
BRF:4
BRH:4
end_of_record
TN:
SF:src/CharacterTable.tsx
FN:10,(anonymous_0)
FN:11,(anonymous_1)
FNF:2
FNH:2
FNDA:1,(anonymous_0)
FNDA:51,(anonymous_1)
DA:10,3
DA:11,1
DA:12,51
DA:19,1
DA:26,3
LF:5
LH:5
BRF:0
BRH:0
end_of_record
TN:
SF:src/Characters.ts
FNF:0
FNH:0
DA:3,3
DA:9,3
LF:2
LH:2
BRF:0
BRH:0
end_of_record
TN:
SF:src/Constants.ts
FNF:0
FNH:0
DA:1,4
LF:1
LH:1
BRF:0
BRH:0
end_of_record
TN:
SF:src/Home.tsx
FN:9,(anonymous_0)
FN:13,(anonymous_1)
FNF:2
FNH:1
FNDA:2,(anonymous_0)
FNDA:0,(anonymous_1)
DA:9,2
DA:10,2
DA:11,2
DA:13,2
DA:14,0
DA:15,0
DA:18,2
DA:33,2
LF:8
LH:6
BRDA:19,0,0,2
BRDA:19,0,1,2
BRDA:20,1,0,0
BRDA:20,1,1,2
BRF:4
BRH:3
end_of_record
TN:
SF:src/LargeCard.tsx
FN:21,(anonymous_0)
FN:39,(anonymous_1)
FN:42,(anonymous_2)
FNF:3
FNH:1
FNDA:3,(anonymous_0)
FNDA:0,(anonymous_1)
FNDA:0,(anonymous_2)
DA:19,3
DA:21,3
DA:22,3
DA:39,0
DA:42,0
DA:50,3
LF:6
LH:4
BRF:0
BRH:0
end_of_record
TN:
SF:src/Title.tsx
FN:8,(anonymous_0)
FNF:1
FNH:1
FNDA:1,(anonymous_0)
DA:8,3
DA:9,1
DA:16,3
LF:3
LH:3
BRF:0
BRH:0
end_of_record
